2019-07-06 00:03:57.872  INFO 14712 --- [main] cn.evun.test.t3.T3Application            : Starting T3Application on DESKTOP-4GTTDQH with PID 14712 (D:\IdeaProjects\t3\target\classes started by Administrator in D:\IdeaProjects\t3)
2019-07-06 00:03:57.877  INFO 14712 --- [main] cn.evun.test.t3.T3Application            : No active profile set, falling back to default profiles: default
2019-07-06 00:03:58.241  INFO 14712 --- [main] .s.d.r.c.RepositoryConfigurationDelegate : Bootstrapping Spring Data repositories in DEFAULT mode.
2019-07-06 00:03:58.271  INFO 14712 --- [main] .s.d.r.c.RepositoryConfigurationDelegate : Finished Spring Data repository scanning in 25ms. Found 2 repository interfaces.
2019-07-06 00:03:58.558  INFO 14712 --- [main] trationDelegate$BeanPostProcessorChecker : Bean 'org.springframework.transaction.annotation.ProxyTransactionManagementConfiguration' of type [org.springframework.transaction.annotation.ProxyTransactionManagementConfiguration$$EnhancerBySpringCGLIB$$e9e6fd41] is not eligible for getting processed by all BeanPostProcessors (for example: not eligible for auto-proxying)
2019-07-06 00:03:58.741  INFO 14712 --- [main] o.s.b.w.embedded.tomcat.TomcatWebServer  : Tomcat initialized with port(s): 8080 (http)
2019-07-06 00:03:58.756  INFO 14712 --- [main] o.apache.catalina.core.StandardService   : Starting service [Tomcat]
2019-07-06 00:03:58.756  INFO 14712 --- [main] org.apache.catalina.core.StandardEngine  : Starting Servlet engine: [Apache Tomcat/9.0.21]
2019-07-06 00:03:58.873  INFO 14712 --- [main] o.a.c.c.C.[Tomcat].[localhost].[/]       : Initializing Spring embedded WebApplicationContext
2019-07-06 00:03:58.874  INFO 14712 --- [main] o.s.web.context.ContextLoader            : Root WebApplicationContext: initialization completed in 961 ms
2019-07-06 00:03:58.940  INFO 14712 --- [main] c.a.d.s.b.a.DruidDataSourceAutoConfigure : Init DruidDataSource
2019-07-06 00:03:59.075  INFO 14712 --- [main] com.alibaba.druid.pool.DruidDataSource   : {dataSource-1} inited
2019-07-06 00:03:59.626  INFO 14712 --- [main] o.hibernate.jpa.internal.util.LogHelper  : HHH000204: Processing PersistenceUnitInfo [
	name: default
	...]
2019-07-06 00:03:59.692  INFO 14712 --- [main] org.hibernate.Version                    : HHH000412: Hibernate Core {5.3.10.Final}
2019-07-06 00:03:59.693  INFO 14712 --- [main] org.hibernate.cfg.Environment            : HHH000206: hibernate.properties not found
2019-07-06 00:03:59.828  INFO 14712 --- [main] o.hibernate.annotations.common.Version   : HCANN000001: Hibernate Commons Annotations {5.0.4.Final}
2019-07-06 00:03:59.941  INFO 14712 --- [main] org.hibernate.dialect.Dialect            : HHH000400: Using dialect: org.hibernate.dialect.MySQL5Dialect
2019-07-06 00:04:00.379  INFO 14712 --- [main] j.LocalContainerEntityManagerFactoryBean : Initialized JPA EntityManagerFactory for persistence unit 'default'
2019-07-06 00:04:00.666  INFO 14712 --- [main] o.s.s.concurrent.ThreadPoolTaskExecutor  : Initializing ExecutorService 'applicationTaskExecutor'
2019-07-06 00:04:00.690  WARN 14712 --- [main] aWebConfiguration$JpaWebMvcConfiguration : spring.jpa.open-in-view is enabled by default. Therefore, database queries may be performed during view rendering. Explicitly configure spring.jpa.open-in-view to disable this warning
2019-07-06 00:04:00.826  INFO 14712 --- [main] o.s.b.w.embedded.tomcat.TomcatWebServer  : Tomcat started on port(s): 8080 (http) with context path ''
2019-07-06 00:04:00.828  INFO 14712 --- [main] cn.evun.test.t3.T3Application            : Started T3Application in 3.253 seconds (JVM running for 4.026)
2019-07-06 00:04:01.164  INFO 14712 --- [http-nio-8080-exec-1] o.a.c.c.C.[Tomcat].[localhost].[/]       : Initializing Spring DispatcherServlet 'dispatcherServlet'
2019-07-06 00:04:01.165  INFO 14712 --- [http-nio-8080-exec-1] o.s.web.servlet.DispatcherServlet        : Initializing Servlet 'dispatcherServlet'
2019-07-06 00:04:01.170  INFO 14712 --- [http-nio-8080-exec-1] o.s.web.servlet.DispatcherServlet        : Completed initialization in 5 ms
2019-07-06 00:04:01.259  INFO 14712 --- [http-nio-8080-exec-1] c.e.t.t.s.impl.CustomerServiceImpl       : 查询id为1的客户信息。。。。。。。。。。。
2019-07-06 00:04:02.977  INFO 14712 --- [http-nio-8080-exec-5] c.e.t.t.s.impl.CustomerServiceImpl       : 查询id为1的客户信息。。。。。。。。。。。
2019-07-06 00:04:03.152  INFO 14712 --- [http-nio-8080-exec-7] c.e.t.t.s.impl.CustomerServiceImpl       : 查询id为1的客户信息。。。。。。。。。。。
2019-07-06 00:04:03.355  INFO 14712 --- [http-nio-8080-exec-9] c.e.t.t.s.impl.CustomerServiceImpl       : 查询id为1的客户信息。。。。。。。。。。。
2019-07-06 00:04:03.520  INFO 14712 --- [http-nio-8080-exec-1] c.e.t.t.s.impl.CustomerServiceImpl       : 查询id为1的客户信息。。。。。。。。。。。
2019-07-06 00:04:03.679  INFO 14712 --- [http-nio-8080-exec-6] c.e.t.t.s.impl.CustomerServiceImpl       : 查询id为1的客户信息。。。。。。。。。。。
2019-07-06 00:04:03.847  INFO 14712 --- [http-nio-8080-exec-5] c.e.t.t.s.impl.CustomerServiceImpl       : 查询id为1的客户信息。。。。。。。。。。。
